[*][INFO][2026-04-21 06:27:24][Checking existence of the repository ...]
[*][INFO][2026-04-21 06:27:25][Repo not found, creating repo expense-frontend ...]
[*][INFO][2026-04-21 06:27:26][expense-frontend Created successfully.]
[*][INFO][2026-04-21 06:27:27][Repo not found, creating repo expense-backend ...]
[*][INFO][2026-04-21 06:27:28][expense-backend Created successfully.]
[*][INFO][2026-04-21 07:08:08][Checking existence of the repository ...]
[*][ERROR][2026-04-21 07:08:09][Repo already exist in your account, skipping ...]
[*][ERROR][2026-04-21 07:08:10][Repo already exist in your account, skipping ...]
[*][INFO][2026-04-21 07:28:16][Checking existence of the repository ...]
[*][ERROR][2026-04-21 07:28:17][Repo already exist in your account, skipping ...]
[*][ERROR][2026-04-21 07:28:18][Repo already exist in your account, skipping ...]
[*][INFO][2026-04-21 07:46:12][Checking existence of the repository ...]
[*][ERROR][2026-04-21 07:46:13][Repo already exist in your account, skipping ...]
[*][ERROR][2026-04-21 07:46:14][Repo already exist in your account, skipping ...]
[*][INFO][2026-04-21 08:02:34][Checking existence of the repository ...]
[*][INFO][2026-04-21 08:02:36][Repo not found, creating repo expense-frontend ...]
[*][INFO][2026-04-21 08:02:37][expense-frontend Created successfully.]
[*][INFO][2026-04-21 08:02:39][Repo not found, creating repo expense-backend ...]
[*][INFO][2026-04-21 08:02:40][expense-backend Created successfully.]
[*][INFO][2026-04-21 08:05:28][Checking existence of the repository ...]
[*][ERROR][2026-04-21 08:05:29][Repo already exist in your account, skipping ...]
[*][ERROR][2026-04-21 08:05:31][Repo already exist in your account, skipping ...]
[*][INFO][2026-04-21 08:26:41][Checking existence of the repository ...]
[*][INFO][2026-04-21 08:26:43][Repo not found, creating repo expense-frontend ...]
[*][INFO][2026-04-21 08:26:44][expense-frontend Created successfully.]
[*][INFO][2026-04-21 08:26:45][Repo not found, creating repo expense-backend ...]
[*][INFO][2026-04-21 08:26:46][expense-backend Created successfully.]
[*][INFO][2026-04-21 09:16:23][Checking existence of the repository ...]
[*][INFO][2026-04-21 09:16:25][Repo not found, creating repo expense-frontend ...]
[*][INFO][2026-04-21 09:16:26][expense-frontend Created successfully.]
[*][INFO][2026-04-21 09:16:28][Repo not found, creating repo expense-backend ...]
[*][INFO][2026-04-21 09:16:30][expense-backend Created successfully.]
[*][INFO][2026-04-23 08:13:16][Checking existence of the repository ...]
[*][ERROR][2026-04-23 08:13:17][Repo already exist in your account, skipping ...]
[*][ERROR][2026-04-23 08:13:19][Repo already exist in your account, skipping ...]
