[*][INFO][2026-04-21 06:27:29][Credentials tested, proceeding with the cluster creation.]
[*][ERROR][2026-04-21 06:39:03][Cluster Setup Failed while running eksctl command.]
[*][INFO][2026-04-21 06:39:03][Process completed.]
[*][INFO][2026-04-21 07:08:11][Credentials tested, proceeding with the cluster creation.]
[*][ERROR][2026-04-21 07:08:13][Cluster Setup Failed while running eksctl command.]
[*][INFO][2026-04-21 07:08:13][Process completed.]
[*][INFO][2026-04-21 07:28:19][Credentials tested, proceeding with the cluster creation.]
[*][ERROR][2026-04-21 07:39:59][Cluster Setup Failed while running eksctl command.]
[*][INFO][2026-04-21 07:39:59][Process completed.]
[*][INFO][2026-04-21 07:46:15][Credentials tested, proceeding with the cluster creation.]
[*][ERROR][2026-04-21 07:58:38][Cluster Setup Failed while running eksctl command.]
[*][INFO][2026-04-21 07:58:38][Process completed.]
[*][INFO][2026-04-21 08:02:42][Credentials tested, proceeding with the cluster creation.]
[*][ERROR][2026-04-21 08:02:44][Cluster Setup Failed while running eksctl command.]
[*][INFO][2026-04-21 08:02:44][Process completed.]
[*][INFO][2026-04-21 08:05:32][Credentials tested, proceeding with the cluster creation.]
[*][ERROR][2026-04-21 08:17:15][Cluster Setup Failed while running eksctl command.]
[*][INFO][2026-04-21 08:17:15][Process completed.]
[*][INFO][2026-04-21 08:26:48][Credentials tested, proceeding with the cluster creation.]
[*][ERROR][2026-04-21 09:01:33][Cluster Setup Failed while running eksctl command.]
[*][INFO][2026-04-21 09:01:33][Process completed.]
[*][INFO][2026-04-21 09:16:31][Credentials tested, proceeding with the cluster creation.]
[*][INFO][2026-04-21 09:30:06][Cluster Setup Completed with eksctl command.]
[*][INFO][2026-04-21 09:30:06][Process completed.]
[*][INFO][2026-04-23 08:13:20][Credentials tested, proceeding with the cluster creation.]
[*][INFO][2026-04-23 08:13:22][Cluster not exist, Creating cluster]
[*][INFO][2026-04-23 08:31:07][Cluster Setup Completed with eksctl command.]
[*][INFO][2026-04-23 08:31:07][Process completed.]
